Using pre-set license
Built from '2020.3/staging' branch; Version is '2020.3.26f1 (7298b473bc1a) revision 7510196'; Using compiler version '192528614'; Build Type 'Release'
OS: 'Windows 11  (10.0.22000) 64bit Core' Language: 'ru' Physical Memory: 12172 MB
BatchMode: 1, IsHumanControllingUs: 0, StartBugReporterOnCrash: 0, Is64bit: 1, IsPro: 0

COMMAND LINE ARGUMENTS:
C:\Program Files\Unity\Hub\Editor\2020.3.26f1\Editor\Unity.exe
-adb2
-batchMode
-noUpm
-name
AssetImportWorker0
-projectPath
F:/project/GameCreate
-logFile
Logs/AssetImportWorker0.log
-srvPort
55020
Successfully changed project path to: F:/project/GameCreate
F:/project/GameCreate
Using Asset Import Pipeline V2.
Refreshing native plugins compatible for Editor in 79.13 ms, found 2 plugins.
Preloading 0 native plugins for Editor in 0.00 ms.
Initialize engine version: 2020.3.26f1 (7298b473bc1a)
[Subsystems] Discovering subsystems at path C:/Program Files/Unity/Hub/Editor/2020.3.26f1/Editor/Data/Resources/UnitySubsystems
[Subsystems] Discovering subsystems at path F:/project/GameCreate/Assets
GfxDevice: creating device client; threaded=0
Direct3D:
    Version:  Direct3D 11.0 [level 11.1]
    Renderer: NVIDIA GeForce GTX 1050 (ID=0x1c8d)
    Vendor:   
    VRAM:     4021 MB
    Driver:   27.21.14.5720
Initialize mono
Mono path[0] = 'C:/Program Files/Unity/Hub/Editor/2020.3.26f1/Editor/Data/Managed'
Mono path[1] = 'C:/Program Files/Unity/Hub/Editor/2020.3.26f1/Editor/Data/MonoBleedingEdge/lib/mono/unityjit'
Mono config path = 'C:/Program Files/Unity/Hub/Editor/2020.3.26f1/Editor/Data/MonoBleedingEdge/etc'
Using monoOptions --debugger-agent=transport=dt_socket,embedding=1,server=y,suspend=n,address=127.0.0.1:56068
Begin MonoManager ReloadAssembly
Registering precompiled unity dll's ...
Register platform support module: C:/Program Files/Unity/Hub/Editor/2020.3.26f1/Editor/Data/PlaybackEngines/WindowsStandaloneSupport/UnityEditor.WindowsStandalone.Extensions.dll
Registered in 0.003497 seconds.
Native extension for WindowsStandalone target not found
Refreshing native plugins compatible for Editor in 78.00 ms, found 2 plugins.
Preloading 0 native plugins for Editor in 0.00 ms.
Mono: successfully reloaded assembly
- Completed reload, in  0.619 seconds
Domain Reload Profiling:
	ReloadAssembly (619ms)
		BeginReloadAssembly (53ms)
			ExecutionOrderSort (0ms)
			DisableScriptedObjects (0ms)
			BackupInstance (0ms)
			ReleaseScriptingObjects (0ms)
			CreateAndSetChildDomain (1ms)
		EndReloadAssembly (478ms)
			LoadAssemblies (48ms)
			RebuildTransferFunctionScriptingTraits (0ms)
			SetupTypeCache (143ms)
			ReleaseScriptCaches (0ms)
			RebuildScriptCaches (28ms)
			SetupLoadedEditorAssemblies (199ms)
				LogAssemblyErrors (0ms)
				InitializePlatformSupportModulesInManaged (4ms)
				SetLoadedEditorAssemblies (0ms)
				RefreshPlugins (78ms)
				BeforeProcessingInitializeOnLoad (12ms)
				ProcessInitializeOnLoadAttributes (78ms)
				ProcessInitializeOnLoadMethodAttributes (26ms)
				AfterProcessingInitializeOnLoad (0ms)
				EditorAssembliesLoaded (0ms)
			ExecutionOrderSort2 (0ms)
			AwakeInstancesAfterBackupRestoration (0ms)
Platform modules already initialized, skipping
Registering precompiled user dll's ...
Registered in 0.004858 seconds.
Begin MonoManager ReloadAssembly
Native extension for WindowsStandalone target not found
Refreshing native plugins compatible for Editor in 80.30 ms, found 2 plugins.
Preloading 0 native plugins for Editor in 0.00 ms.
Mono: successfully reloaded assembly
- Completed reload, in  1.154 seconds
Domain Reload Profiling:
	ReloadAssembly (1155ms)
		BeginReloadAssembly (134ms)
			ExecutionOrderSort (0ms)
			DisableScriptedObjects (4ms)
			BackupInstance (0ms)
			ReleaseScriptingObjects (0ms)
			CreateAndSetChildDomain (17ms)
		EndReloadAssembly (951ms)
			LoadAssemblies (83ms)
			RebuildTransferFunctionScriptingTraits (0ms)
			SetupTypeCache (305ms)
			ReleaseScriptCaches (0ms)
			RebuildScriptCaches (45ms)
			SetupLoadedEditorAssemblies (380ms)
				LogAssemblyErrors (0ms)
				InitializePlatformSupportModulesInManaged (4ms)
				SetLoadedEditorAssemblies (0ms)
				RefreshPlugins (80ms)
				BeforeProcessingInitializeOnLoad (91ms)
				ProcessInitializeOnLoadAttributes (182ms)
				ProcessInitializeOnLoadMethodAttributes (9ms)
				AfterProcessingInitializeOnLoad (13ms)
				EditorAssembliesLoaded (0ms)
			ExecutionOrderSort2 (0ms)
			AwakeInstancesAfterBackupRestoration (10ms)
Platform modules already initialized, skipping
========================================================================
Worker process is ready to serve import requests
Launched and connected shader compiler UnityShaderCompiler.exe after 0.04 seconds
Refreshing native plugins compatible for Editor in 0.92 ms, found 2 plugins.
Preloading 0 native plugins for Editor in 0.00 ms.
Unloading 2839 Unused Serialized files (Serialized files now loaded: 0)
System memory in use before: 133.6 MB.
System memory in use after: 133.8 MB.

Unloading 20 unused Assets to reduce memory usage. Loaded Objects now: 3276.
Total: 3.243300 ms (FindLiveObjects: 0.236100 ms CreateObjectMapping: 0.158300 ms MarkObjects: 2.767300 ms  DeleteObjects: 0.080600 ms)

AssetImportParameters requested are different than current active one (requested -> active):
  custom:framework-win-MediaFoundation: 216162199b28c13a410421893ffa2e32 -> 
  custom:video-decoder-ogg-theora: a1e56fd34408186e4bbccfd4996cb3dc -> 
  custom:container-muxer-webm: aa71ff27fc2769a1b78a27578f13a17b -> 
  custom:container-demuxer-webm: 4f35f7cbe854078d1ac9338744f61a02 -> 
  custom:container-demuxer-ogg: 62fdf1f143b41e24485cea50d1cbac27 -> 
  custom:video-encoder-webm-vp8: eb34c28f22e8b96e1ab97ce403110664 -> 
  custom:video-decoder-webm-vp8: 9c59270c3fd7afecdb556c50c9e8de78 -> 
  custom:audio-decoder-ogg-vorbis: bf7c407c2cedff20999df2af8eb42d56 -> 
  custom:audio-encoder-webm-vorbis: bf7c407c2cedff20999df2af8eb42d56 -> 
========================================================================
Received Import Request.
  path: Assets/Models/AKs-74u_Soldier
  artifactKey: Guid(683f7bb82c6fbad40a8ddaa5d8cdb82b) Importer(815301076,1909f56bfc062723c751e8b465ee728b)
Start importing Assets/Models/AKs-74u_Soldier using Guid(683f7bb82c6fbad40a8ddaa5d8cdb82b) Importer(815301076,1909f56bfc062723c751e8b465ee728b)  -> (artifact id: 'c98097558e7978d9861d6112507640b4') in 0.005036 seconds 
  Import took 0.009660 seconds .

========================================================================
Received Import Request.
  Time since last request: 0.846695 seconds.
  path: Assets/Models/Soldier
  artifactKey: Guid(ddd20e04aa7f6a24da06a3139c25ed75) Importer(815301076,1909f56bfc062723c751e8b465ee728b)
Start importing Assets/Models/Soldier using Guid(ddd20e04aa7f6a24da06a3139c25ed75) Importer(815301076,1909f56bfc062723c751e8b465ee728b)  -> (artifact id: '9fb3c2040bb3c4234ff4ba740d1de27d') in 0.002751 seconds 
  Import took 0.007667 seconds .

========================================================================
Received Import Request.
  Time since last request: 5.197937 seconds.
  path: Assets/Models/Soldier/SoldierMP5.controller
  artifactKey: Guid(94e0873bc08a5e94fa553ea7f3b58a87) Importer(815301076,1909f56bfc062723c751e8b465ee728b)
Start importing Assets/Models/Soldier/SoldierMP5.controller using Guid(94e0873bc08a5e94fa553ea7f3b58a87) Importer(815301076,1909f56bfc062723c751e8b465ee728b)  -> (artifact id: '78138d42624cee48ffe7a13c38c2fe01') in 0.035511 seconds 
  Import took 0.040299 seconds .

========================================================================
Received Import Request.
  Time since last request: 7.247257 seconds.
  path: Assets/Models/Soldier/Textures/Ch49_1002_Diffuse.png
  artifactKey: Guid(083449dc83abf404ba607ef8d2bc547c) Importer(815301076,1909f56bfc062723c751e8b465ee728b)
Start importing Assets/Models/Soldier/Textures/Ch49_1002_Diffuse.png using Guid(083449dc83abf404ba607ef8d2bc547c) Importer(815301076,1909f56bfc062723c751e8b465ee728b)  -> (artifact id: '6feb4a7186060f2d30dfc2d8d8541cff') in 0.082580 seconds 
  Import took 0.087393 seconds .

========================================================================
Received Import Request.
  Time since last request: 0.593175 seconds.
  path: Assets/Models/Soldier/Textures
  artifactKey: Guid(57bd580771301314daffeb9cfe6670b6) Importer(815301076,1909f56bfc062723c751e8b465ee728b)
Start importing Assets/Models/Soldier/Textures using Guid(57bd580771301314daffeb9cfe6670b6) Importer(815301076,1909f56bfc062723c751e8b465ee728b)  -> (artifact id: 'e990b596750db0b1295aaef03009b8bb') in 0.002103 seconds 
  Import took 0.007924 seconds .

========================================================================
Received Import Request.
  Time since last request: 241.723423 seconds.
  path: Assets/Models/Level
  artifactKey: Guid(e1d1283ea6f46764db4de267bd01f115) Importer(815301076,1909f56bfc062723c751e8b465ee728b)
Start importing Assets/Models/Level using Guid(e1d1283ea6f46764db4de267bd01f115) Importer(815301076,1909f56bfc062723c751e8b465ee728b)  -> (artifact id: 'd936853fa2c8e130013d4d6698d17c13') in 0.003625 seconds 
  Import took 0.009634 seconds .

========================================================================
Received Prepare
Registering precompiled user dll's ...
Registered in 0.004364 seconds.
Begin MonoManager ReloadAssembly
Native extension for WindowsStandalone target not found
Refreshing native plugins compatible for Editor in 0.53 ms, found 2 plugins.
Preloading 0 native plugins for Editor in 0.00 ms.
Mono: successfully reloaded assembly
- Completed reload, in  1.035 seconds
Domain Reload Profiling:
	ReloadAssembly (1036ms)
		BeginReloadAssembly (120ms)
			ExecutionOrderSort (0ms)
			DisableScriptedObjects (4ms)
			BackupInstance (0ms)
			ReleaseScriptingObjects (0ms)
			CreateAndSetChildDomain (36ms)
		EndReloadAssembly (843ms)
			LoadAssemblies (89ms)
			RebuildTransferFunctionScriptingTraits (0ms)
			SetupTypeCache (296ms)
			ReleaseScriptCaches (1ms)
			RebuildScriptCaches (39ms)
			SetupLoadedEditorAssemblies (311ms)
				LogAssemblyErrors (0ms)
				InitializePlatformSupportModulesInManaged (4ms)
				SetLoadedEditorAssemblies (0ms)
				RefreshPlugins (1ms)
				BeforeProcessingInitializeOnLoad (109ms)
				ProcessInitializeOnLoadAttributes (176ms)
				ProcessInitializeOnLoadMethodAttributes (8ms)
				AfterProcessingInitializeOnLoad (12ms)
				EditorAssembliesLoaded (0ms)
			ExecutionOrderSort2 (0ms)
			AwakeInstancesAfterBackupRestoration (10ms)
Platform modules already initialized, skipping
Refreshing native plugins compatible for Editor in 0.56 ms, found 2 plugins.
Preloading 0 native plugins for Editor in 0.00 ms.
Unloading 2722 Unused Serialized files (Serialized files now loaded: 0)
System memory in use before: 125.4 MB.
System memory in use after: 125.6 MB.

Unloading 15 unused Assets to reduce memory usage. Loaded Objects now: 3280.
Total: 2.997700 ms (FindLiveObjects: 0.205900 ms CreateObjectMapping: 0.117100 ms MarkObjects: 2.658600 ms  DeleteObjects: 0.015300 ms)

AssetImportParameters requested are different than current active one (requested -> active):
  custom:framework-win-MediaFoundation: 216162199b28c13a410421893ffa2e32 -> 
  custom:video-decoder-ogg-theora: a1e56fd34408186e4bbccfd4996cb3dc -> 
  custom:container-muxer-webm: aa71ff27fc2769a1b78a27578f13a17b -> 
  custom:container-demuxer-webm: 4f35f7cbe854078d1ac9338744f61a02 -> 
  custom:container-demuxer-ogg: 62fdf1f143b41e24485cea50d1cbac27 -> 
  custom:video-encoder-webm-vp8: eb34c28f22e8b96e1ab97ce403110664 -> 
  custom:video-decoder-webm-vp8: 9c59270c3fd7afecdb556c50c9e8de78 -> 
  custom:audio-decoder-ogg-vorbis: bf7c407c2cedff20999df2af8eb42d56 -> 
  custom:audio-encoder-webm-vorbis: bf7c407c2cedff20999df2af8eb42d56 -> 
========================================================================
Received Import Request.
  Time since last request: 11.014870 seconds.
  path: Assets/Models/Images
  artifactKey: Guid(374311d4a57e4da408a81785031a1ef1) Importer(815301076,1909f56bfc062723c751e8b465ee728b)
Start importing Assets/Models/Images using Guid(374311d4a57e4da408a81785031a1ef1) Importer(815301076,1909f56bfc062723c751e8b465ee728b)  -> (artifact id: 'da2b57b27c160e108e4f0cf1f3ab5371') in 0.004805 seconds 
  Import took 0.009298 seconds .

========================================================================
Received Import Request.
  Time since last request: 1.204606 seconds.
  path: Assets/Models/Images/BackGround_Squad
  artifactKey: Guid(dfb4ef44e61649649acf5ed694057b2f) Importer(815301076,1909f56bfc062723c751e8b465ee728b)
Start importing Assets/Models/Images/BackGround_Squad using Guid(dfb4ef44e61649649acf5ed694057b2f) Importer(815301076,1909f56bfc062723c751e8b465ee728b)  -> (artifact id: '97e7d3e6ae4a7c3c4ab7fb9c6c7c7fa8') in 0.002733 seconds 
  Import took 0.008802 seconds .

========================================================================
Received Import Request.
  Time since last request: 0.059035 seconds.
  path: Assets/Models/Images/BackGround_Squad/07.JPG
  artifactKey: Guid(593f0c4bd5b4d8648a3314b3f3f0e316) Importer(815301076,1909f56bfc062723c751e8b465ee728b)
Start importing Assets/Models/Images/BackGround_Squad/07.JPG using Guid(593f0c4bd5b4d8648a3314b3f3f0e316) Importer(815301076,1909f56bfc062723c751e8b465ee728b)  -> (artifact id: 'f0a4161f52d738eabfaec8cac5693f4e') in 0.038290 seconds 
  Import took 0.043733 seconds .

========================================================================
Received Import Request.
  Time since last request: 1.505158 seconds.
  path: Assets/Models/Images/BackGround_Squad/Materials
  artifactKey: Guid(eef7286a760ba864c87030e7e16a9bc8) Importer(815301076,1909f56bfc062723c751e8b465ee728b)
Start importing Assets/Models/Images/BackGround_Squad/Materials using Guid(eef7286a760ba864c87030e7e16a9bc8) Importer(815301076,1909f56bfc062723c751e8b465ee728b)  -> (artifact id: '9030c613fa02ed3c383dffc556080fce') in 0.002169 seconds 
  Import took 0.006911 seconds .

========================================================================
Received Import Request.
  Time since last request: 0.075624 seconds.
  path: Assets/Models/Images/BackGround_Squad/Materials/07.mat
  artifactKey: Guid(c57e3074b3026914c985e140c0469908) Importer(815301076,1909f56bfc062723c751e8b465ee728b)
Start importing Assets/Models/Images/BackGround_Squad/Materials/07.mat using Guid(c57e3074b3026914c985e140c0469908) Importer(815301076,1909f56bfc062723c751e8b465ee728b)  -> (artifact id: '3f883350a42583e3deefee94011ea39c') in 0.279052 seconds 
  Import took 0.284065 seconds .

========================================================================
Received Import Request.
  Time since last request: 0.000288 seconds.
  path: Assets/Models/Images/BackGround_Squad/Materials/7.mat
  artifactKey: Guid(5a25ef8244531404c998f946c8584477) Importer(815301076,1909f56bfc062723c751e8b465ee728b)
Start importing Assets/Models/Images/BackGround_Squad/Materials/7.mat using Guid(5a25ef8244531404c998f946c8584477) Importer(815301076,1909f56bfc062723c751e8b465ee728b)  -> (artifact id: 'fbc4f3f1cbd382864cd8e1050ae16e3b') in 0.011196 seconds 
  Import took 0.016315 seconds .

========================================================================
Received Import Request.
  Time since last request: 51.345627 seconds.
  path: Assets/Models/AKs-74u_Soldier/111AKs-74u.fbx
  artifactKey: Guid(3ca3bdbe8fb4ace4a86ae393def56d4c) Importer(815301076,1909f56bfc062723c751e8b465ee728b)
Start importing Assets/Models/AKs-74u_Soldier/111AKs-74u.fbx using Guid(3ca3bdbe8fb4ace4a86ae393def56d4c) Importer(815301076,1909f56bfc062723c751e8b465ee728b)  -> (artifact id: 'caaff1ffd23aa6160e4c467feaf79e8c') in 0.115412 seconds 
  Import took 0.121400 seconds .

========================================================================
Received Import Request.
  Time since last request: 0.000290 seconds.
  path: Assets/Models/AKs-74u_Soldier/New Material.mat
  artifactKey: Guid(c975e1e79d70d6b41aa6034db8fdf775) Importer(815301076,1909f56bfc062723c751e8b465ee728b)
Start importing Assets/Models/AKs-74u_Soldier/New Material.mat using Guid(c975e1e79d70d6b41aa6034db8fdf775) Importer(815301076,1909f56bfc062723c751e8b465ee728b)  -> (artifact id: 'cadf2ad61dc9e74bcc6d46fe505313e7') in 0.009354 seconds 
  Import took 0.013402 seconds .

========================================================================
Received Import Request.
  Time since last request: 0.000304 seconds.
  path: Assets/Models/AKs-74u_Soldier/AKs-74u_Soldier.fbx
  artifactKey: Guid(5f0dde545406a9c43a6fdb055921b538) Importer(815301076,1909f56bfc062723c751e8b465ee728b)
Start importing Assets/Models/AKs-74u_Soldier/AKs-74u_Soldier.fbx using Guid(5f0dde545406a9c43a6fdb055921b538) Importer(815301076,1909f56bfc062723c751e8b465ee728b)  -> (artifact id: '6c5d8db51973b2763a507d8de84b967d') in 0.073520 seconds 
  Import took 0.079651 seconds .

========================================================================
Received Import Request.
  Time since last request: 8.702759 seconds.
  path: Assets/Models/Weapons
  artifactKey: Guid(005c8709af07fc44cbe4643eb7bfd3f1) Importer(815301076,1909f56bfc062723c751e8b465ee728b)
Start importing Assets/Models/Weapons using Guid(005c8709af07fc44cbe4643eb7bfd3f1) Importer(815301076,1909f56bfc062723c751e8b465ee728b)  -> (artifact id: 'c08267704b10836402e68f9d6546bab5') in 0.002818 seconds 
  Import took 0.008595 seconds .

========================================================================
Received Import Request.
  Time since last request: 2.511045 seconds.
  path: Assets/Models/Weapons/BigRookGames
  artifactKey: Guid(18dc74f046cf01a448f2dbd94321eed0) Importer(815301076,1909f56bfc062723c751e8b465ee728b)
Start importing Assets/Models/Weapons/BigRookGames using Guid(18dc74f046cf01a448f2dbd94321eed0) Importer(815301076,1909f56bfc062723c751e8b465ee728b)  -> (artifact id: '37c6cc7a97158fc462b04df8b178a798') in 0.002618 seconds 
  Import took 0.007663 seconds .

========================================================================
Received Import Request.
  Time since last request: 1.618987 seconds.
  path: Assets/Models/Weapons/BigRookGames/_AssetPacks
  artifactKey: Guid(66e4856048abdd24fb3eb8ee63e594ae) Importer(815301076,1909f56bfc062723c751e8b465ee728b)
Start importing Assets/Models/Weapons/BigRookGames/_AssetPacks using Guid(66e4856048abdd24fb3eb8ee63e594ae) Importer(815301076,1909f56bfc062723c751e8b465ee728b)  -> (artifact id: '309170c349319aeabd20502c3f18ed34') in 0.002789 seconds 
  Import took 0.007568 seconds .

========================================================================
Received Import Request.
  Time since last request: 0.724958 seconds.
  path: Assets/Models/Weapons/BigRookGames/_AssetPacks/Stylized Weapon Pack
  artifactKey: Guid(c9ffd1f418553cc40805f08a0f0109cf) Importer(815301076,1909f56bfc062723c751e8b465ee728b)
Start importing Assets/Models/Weapons/BigRookGames/_AssetPacks/Stylized Weapon Pack using Guid(c9ffd1f418553cc40805f08a0f0109cf) Importer(815301076,1909f56bfc062723c751e8b465ee728b)  -> (artifact id: '3d13e4243486654a283b6998eff97d0b') in 0.003040 seconds 
  Import took 0.007744 seconds .

========================================================================
Received Import Request.
  Time since last request: 0.664566 seconds.
  path: Assets/Models/Weapons/BigRookGames/_AssetPacks/Stylized Weapon Pack/M4 Scoped Assault Rifle
  artifactKey: Guid(4dee18ec4889ec149a08cf62cffe13be) Importer(815301076,1909f56bfc062723c751e8b465ee728b)
Start importing Assets/Models/Weapons/BigRookGames/_AssetPacks/Stylized Weapon Pack/M4 Scoped Assault Rifle using Guid(4dee18ec4889ec149a08cf62cffe13be) Importer(815301076,1909f56bfc062723c751e8b465ee728b)  -> (artifact id: 'de86c50a863cb55775ca7e0019b6cf9f') in 0.002777 seconds 
  Import took 0.007655 seconds .

========================================================================
Received Import Request.
  Time since last request: 24.007416 seconds.
  path: Assets/Models/Weapons/Toon Muzzleflash Pack
  artifactKey: Guid(f0c719d74aeac4d45b69cfa78b26a2df) Importer(815301076,1909f56bfc062723c751e8b465ee728b)
Start importing Assets/Models/Weapons/Toon Muzzleflash Pack using Guid(f0c719d74aeac4d45b69cfa78b26a2df) Importer(815301076,1909f56bfc062723c751e8b465ee728b)  -> (artifact id: 'f6ad396a274ac6fc190b0ed4a02fe509') in 0.003896 seconds 
  Import took 0.009281 seconds .

========================================================================
Received Import Request.
  Time since last request: 2.370888 seconds.
  path: Assets/Models/Weapons/Weapons
  artifactKey: Guid(a202f871947e7ab4f9c9e339f8e632ff) Importer(815301076,1909f56bfc062723c751e8b465ee728b)
Start importing Assets/Models/Weapons/Weapons using Guid(a202f871947e7ab4f9c9e339f8e632ff) Importer(815301076,1909f56bfc062723c751e8b465ee728b)  -> (artifact id: '907616dcac40b3356b9cb9c4cf5609d5') in 0.002313 seconds 
  Import took 0.007405 seconds .

========================================================================
Received Import Request.
  Time since last request: 1.620588 seconds.
  path: Assets/Models/Weapons/Weapons/SVD
  artifactKey: Guid(00f6e3e592ecab343b733ce66074798a) Importer(815301076,1909f56bfc062723c751e8b465ee728b)
Start importing Assets/Models/Weapons/Weapons/SVD using Guid(00f6e3e592ecab343b733ce66074798a) Importer(815301076,1909f56bfc062723c751e8b465ee728b)  -> (artifact id: '6e7f585a88255ade45250cddbefa417d') in 0.002273 seconds 
  Import took 0.007361 seconds .

========================================================================
Received Import Request.
  Time since last request: 0.451164 seconds.
  path: Assets/Models/Weapons/Weapons/Shotgun
  artifactKey: Guid(a6063c6e46fdc7144bbae8383818c7f9) Importer(815301076,1909f56bfc062723c751e8b465ee728b)
Start importing Assets/Models/Weapons/Weapons/Shotgun using Guid(a6063c6e46fdc7144bbae8383818c7f9) Importer(815301076,1909f56bfc062723c751e8b465ee728b)  -> (artifact id: '9d8a5658488b25cc65adaf57872c0825') in 0.002462 seconds 
  Import took 0.008250 seconds .

========================================================================
Received Import Request.
  Time since last request: 0.461160 seconds.
  path: Assets/Models/Weapons/Weapons/PM
  artifactKey: Guid(ef21829797bc49141933df61519f6bfe) Importer(815301076,1909f56bfc062723c751e8b465ee728b)
Start importing Assets/Models/Weapons/Weapons/PM using Guid(ef21829797bc49141933df61519f6bfe) Importer(815301076,1909f56bfc062723c751e8b465ee728b)  -> (artifact id: '233a3fc9d9132c3d62ef7dca3ebaf730') in 0.003106 seconds 
  Import took 0.008610 seconds .

========================================================================
Received Import Request.
  Time since last request: 0.504760 seconds.
  path: Assets/Models/Weapons/Weapons/MP5
  artifactKey: Guid(07cd66996429d3147badbf7e99ab245f) Importer(815301076,1909f56bfc062723c751e8b465ee728b)
Start importing Assets/Models/Weapons/Weapons/MP5 using Guid(07cd66996429d3147badbf7e99ab245f) Importer(815301076,1909f56bfc062723c751e8b465ee728b)  -> (artifact id: 'ffe44ed07553410f4345a1d8f77f8f8e') in 0.002618 seconds 
  Import took 0.007574 seconds .

========================================================================
Received Import Request.
  Time since last request: 0.423337 seconds.
  path: Assets/Models/Weapons/Weapons/Hands
  artifactKey: Guid(f48ba9dec1e1de246b9edf154afa36d3) Importer(815301076,1909f56bfc062723c751e8b465ee728b)
Start importing Assets/Models/Weapons/Weapons/Hands using Guid(f48ba9dec1e1de246b9edf154afa36d3) Importer(815301076,1909f56bfc062723c751e8b465ee728b)  -> (artifact id: 'eadc846111121ac58a6b55e2a20022ae') in 0.002918 seconds 
  Import took 0.007809 seconds .

========================================================================
Received Import Request.
  Time since last request: 0.307105 seconds.
  path: Assets/Models/Weapons/Weapons/Bat
  artifactKey: Guid(0cdea049c56512141b9e8291b52a6e5b) Importer(815301076,1909f56bfc062723c751e8b465ee728b)
Start importing Assets/Models/Weapons/Weapons/Bat using Guid(0cdea049c56512141b9e8291b52a6e5b) Importer(815301076,1909f56bfc062723c751e8b465ee728b)  -> (artifact id: 'ec6cc8b975950a37a84e8c410fc2e9f1') in 0.002532 seconds 
  Import took 0.007590 seconds .

========================================================================
Received Import Request.
  Time since last request: 0.365504 seconds.
  path: Assets/Models/Weapons/Weapons/Ak-47
  artifactKey: Guid(837e8f982d1f1c645a2fcec4cc5eb2be) Importer(815301076,1909f56bfc062723c751e8b465ee728b)
Start importing Assets/Models/Weapons/Weapons/Ak-47 using Guid(837e8f982d1f1c645a2fcec4cc5eb2be) Importer(815301076,1909f56bfc062723c751e8b465ee728b)  -> (artifact id: '3205e0bebc0cc6746bd99386fac19432') in 0.002647 seconds 
  Import took 0.009250 seconds .

========================================================================
Received Import Request.
  Time since last request: 15.534492 seconds.
  path: Assets/Materials/Ground.mat
  artifactKey: Guid(6e2e3b2720e4bfe42988dc96d60f122a) Importer(815301076,1909f56bfc062723c751e8b465ee728b)
Start importing Assets/Materials/Ground.mat using Guid(6e2e3b2720e4bfe42988dc96d60f122a) Importer(815301076,1909f56bfc062723c751e8b465ee728b)  -> (artifact id: '6ed042725a16e8bb208124aa1ea3eab3') in 0.011345 seconds 
  Import took 0.019880 seconds .

========================================================================
Received Prepare
Registering precompiled user dll's ...
Registered in 0.005195 seconds.
Begin MonoManager ReloadAssembly
Native extension for WindowsStandalone target not found
Refreshing native plugins compatible for Editor in 0.51 ms, found 2 plugins.
Preloading 0 native plugins for Editor in 0.00 ms.
Mono: successfully reloaded assembly
- Completed reload, in  1.056 seconds
Domain Reload Profiling:
	ReloadAssembly (1057ms)
		BeginReloadAssembly (124ms)
			ExecutionOrderSort (0ms)
			DisableScriptedObjects (6ms)
			BackupInstance (0ms)
			ReleaseScriptingObjects (0ms)
			CreateAndSetChildDomain (36ms)
		EndReloadAssembly (855ms)
			LoadAssemblies (84ms)
			RebuildTransferFunctionScriptingTraits (0ms)
			SetupTypeCache (287ms)
			ReleaseScriptCaches (1ms)
			RebuildScriptCaches (39ms)
			SetupLoadedEditorAssemblies (309ms)
				LogAssemblyErrors (0ms)
				InitializePlatformSupportModulesInManaged (4ms)
				SetLoadedEditorAssemblies (1ms)
				RefreshPlugins (1ms)
				BeforeProcessingInitializeOnLoad (111ms)
				ProcessInitializeOnLoadAttributes (171ms)
				ProcessInitializeOnLoadMethodAttributes (9ms)
				AfterProcessingInitializeOnLoad (12ms)
				EditorAssembliesLoaded (0ms)
			ExecutionOrderSort2 (0ms)
			AwakeInstancesAfterBackupRestoration (14ms)
Platform modules already initialized, skipping
Refreshing native plugins compatible for Editor in 0.61 ms, found 2 plugins.
Preloading 0 native plugins for Editor in 0.00 ms.
Unloading 2721 Unused Serialized files (Serialized files now loaded: 0)
System memory in use before: 144.5 MB.
System memory in use after: 144.7 MB.

Unloading 16 unused Assets to reduce memory usage. Loaded Objects now: 3364.
Total: 3.152200 ms (FindLiveObjects: 0.224100 ms CreateObjectMapping: 0.127900 ms MarkObjects: 2.782700 ms  DeleteObjects: 0.016600 ms)

AssetImportParameters requested are different than current active one (requested -> active):
  custom:framework-win-MediaFoundation: 216162199b28c13a410421893ffa2e32 -> 
  custom:video-decoder-ogg-theora: a1e56fd34408186e4bbccfd4996cb3dc -> 
  custom:container-muxer-webm: aa71ff27fc2769a1b78a27578f13a17b -> 
  custom:container-demuxer-webm: 4f35f7cbe854078d1ac9338744f61a02 -> 
  custom:container-demuxer-ogg: 62fdf1f143b41e24485cea50d1cbac27 -> 
  custom:video-encoder-webm-vp8: eb34c28f22e8b96e1ab97ce403110664 -> 
  custom:video-decoder-webm-vp8: 9c59270c3fd7afecdb556c50c9e8de78 -> 
  custom:audio-decoder-ogg-vorbis: bf7c407c2cedff20999df2af8eb42d56 -> 
  custom:audio-encoder-webm-vorbis: bf7c407c2cedff20999df2af8eb42d56 -> 
========================================================================
Received Import Request.
  Time since last request: 19.143147 seconds.
  path: Assets/Scenes/SampleScene.unity
  artifactKey: Guid(d1c3109bdb54ad54c8a2b2838528e640) Importer(815301076,1909f56bfc062723c751e8b465ee728b)
Start importing Assets/Scenes/SampleScene.unity using Guid(d1c3109bdb54ad54c8a2b2838528e640) Importer(815301076,1909f56bfc062723c751e8b465ee728b)  -> (artifact id: '09858afb5813e13454282c7e0db9b624') in 0.019244 seconds 
  Import took 0.024201 seconds .

========================================================================
Received Import Request.
  Time since last request: 4.580232 seconds.
  path: Assets/Scenes/SampleScene
  artifactKey: Guid(14fafafda1f19ef4a9c517e1e3ef2b25) Importer(815301076,1909f56bfc062723c751e8b465ee728b)
Start importing Assets/Scenes/SampleScene using Guid(14fafafda1f19ef4a9c517e1e3ef2b25) Importer(815301076,1909f56bfc062723c751e8b465ee728b)  -> (artifact id: 'ab286e18df254234191973b68712bda2') in 0.002460 seconds 
  Import took 0.008078 seconds .

========================================================================
Received Import Request.
  Time since last request: 0.050473 seconds.
  path: Assets/Scenes/SampleScene/NavMesh.asset
  artifactKey: Guid(7d7ccf700ab5b194bae4b7ef60802242) Importer(815301076,1909f56bfc062723c751e8b465ee728b)
Start importing Assets/Scenes/SampleScene/NavMesh.asset using Guid(7d7ccf700ab5b194bae4b7ef60802242) Importer(815301076,1909f56bfc062723c751e8b465ee728b)  -> (artifact id: '721c09eb70f681250bc7f4ea78e90dd6') in 0.005304 seconds 
  Import took 0.009953 seconds .

========================================================================
Received Import Request.
  Time since last request: 47.479047 seconds.
  path: Assets/defence point.unity
  artifactKey: Guid(ac4bc028953864242b53e5ec60971f6b) Importer(815301076,1909f56bfc062723c751e8b465ee728b)
Start importing Assets/defence point.unity using Guid(ac4bc028953864242b53e5ec60971f6b) Importer(815301076,1909f56bfc062723c751e8b465ee728b)  -> (artifact id: '580424fd06c492f01a2a8b2802579ff9') in 0.005979 seconds 
  Import took 0.011850 seconds .

========================================================================
Received Import Request.
  Time since last request: 22.246984 seconds.
  path: Assets/TutorialInfo
  artifactKey: Guid(49110bb8dcada46328ad741970bce702) Importer(815301076,1909f56bfc062723c751e8b465ee728b)
Start importing Assets/TutorialInfo using Guid(49110bb8dcada46328ad741970bce702) Importer(815301076,1909f56bfc062723c751e8b465ee728b)  -> (artifact id: 'de5a30219286eb2a872f2f84d66d9616') in 0.051361 seconds 
  Import took 0.081660 seconds .

========================================================================
Received Import Request.
  Time since last request: 1.248581 seconds.
  path: Assets/TutorialInfo/Scripts
  artifactKey: Guid(5a9bcd70e6a4b4b05badaa72e827d8e0) Importer(815301076,1909f56bfc062723c751e8b465ee728b)
Start importing Assets/TutorialInfo/Scripts using Guid(5a9bcd70e6a4b4b05badaa72e827d8e0) Importer(815301076,1909f56bfc062723c751e8b465ee728b)  -> (artifact id: '2381cffa6438b17ca19b3c642f224055') in 0.005443 seconds 
  Import took 0.014200 seconds .

========================================================================
Received Import Request.
  Time since last request: 1.096805 seconds.
  path: Assets/TutorialInfo/Scripts/Readme.cs
  artifactKey: Guid(fcf7219bab7fe46a1ad266029b2fee19) Importer(815301076,1909f56bfc062723c751e8b465ee728b)
Start importing Assets/TutorialInfo/Scripts/Readme.cs using Guid(fcf7219bab7fe46a1ad266029b2fee19) Importer(815301076,1909f56bfc062723c751e8b465ee728b)  -> (artifact id: '43153c73d46c6cf684442b7768fcc020') in 0.009598 seconds 
  Import took 0.021129 seconds .

========================================================================
Received Import Request.
  Time since last request: 0.670727 seconds.
  path: Assets/TutorialInfo/Scripts/Editor
  artifactKey: Guid(3ad9b87dffba344c89909c6d1b1c17e1) Importer(815301076,1909f56bfc062723c751e8b465ee728b)
Start importing Assets/TutorialInfo/Scripts/Editor using Guid(3ad9b87dffba344c89909c6d1b1c17e1) Importer(815301076,1909f56bfc062723c751e8b465ee728b)  -> (artifact id: '22d9a53e681186c8abcd91760b4a6555') in 0.096338 seconds 
  Import took 0.176453 seconds .

========================================================================
Received Import Request.
  Time since last request: 0.824316 seconds.
  path: Assets/TutorialInfo/Scripts/Editor/ReadmeEditor.cs
  artifactKey: Guid(476cc7d7cd9874016adc216baab94a0a) Importer(815301076,1909f56bfc062723c751e8b465ee728b)
Start importing Assets/TutorialInfo/Scripts/Editor/ReadmeEditor.cs using Guid(476cc7d7cd9874016adc216baab94a0a) Importer(815301076,1909f56bfc062723c751e8b465ee728b)  -> (artifact id: '28a1c48df5455ec8f9a4e64c6766f86c') in 0.002400 seconds 
  Import took 0.012936 seconds .

========================================================================
Received Import Request.
  Time since last request: 5.095941 seconds.
  path: Assets/TutorialInfo/Icons
  artifactKey: Guid(8a0c9218a650547d98138cd835033977) Importer(815301076,1909f56bfc062723c751e8b465ee728b)
Start importing Assets/TutorialInfo/Icons using Guid(8a0c9218a650547d98138cd835033977) Importer(815301076,1909f56bfc062723c751e8b465ee728b)  -> (artifact id: '877c38d75af7f9b160f6df01c0d12ba9') in 0.002310 seconds 
  Import took 0.009318 seconds .

========================================================================
Received Import Request.
  Time since last request: 0.000303 seconds.
  path: Assets/TutorialInfo/Icons/UniversalIcon.png
  artifactKey: Guid(7801804018a7dcf42abb827444e18660) Importer(815301076,1909f56bfc062723c751e8b465ee728b)
Start importing Assets/TutorialInfo/Icons/UniversalIcon.png using Guid(7801804018a7dcf42abb827444e18660) Importer(815301076,1909f56bfc062723c751e8b465ee728b)  -> (artifact id: '2469af74232faa562fa73eb837360c84') in 0.761976 seconds 
  Import took 0.769045 seconds .

========================================================================
Received Import Request.
  Time since last request: 0.000385 seconds.
  path: Assets/TutorialInfo/Icons/Help_Icon.png
  artifactKey: Guid(34f556d724b1bbf4097ca6220db2c581) Importer(815301076,1909f56bfc062723c751e8b465ee728b)
Start importing Assets/TutorialInfo/Icons/Help_Icon.png using Guid(34f556d724b1bbf4097ca6220db2c581) Importer(815301076,1909f56bfc062723c751e8b465ee728b)  -> (artifact id: 'd44cd57fc4feab842adb57b231d71887') in 0.012873 seconds 
  Import took 0.164712 seconds .

========================================================================
Received Import Request.
  Time since last request: 14.155313 seconds.
  path: Assets/Settings
  artifactKey: Guid(0735c275001a2c84dafdb30deced5d8d) Importer(815301076,1909f56bfc062723c751e8b465ee728b)
Start importing Assets/Settings using Guid(0735c275001a2c84dafdb30deced5d8d) Importer(815301076,1909f56bfc062723c751e8b465ee728b)  -> (artifact id: 'cadd7ca10b5bf32e886eec457cf073a7') in 0.002207 seconds 
  Import took 0.007941 seconds .

========================================================================
Received Import Request.
  Time since last request: 2.131146 seconds.
  path: Assets/Settings/ForwardRenderer.asset
  artifactKey: Guid(4a8e21d5c33334b11b34a596161b9360) Importer(815301076,1909f56bfc062723c751e8b465ee728b)
Start importing Assets/Settings/ForwardRenderer.asset using Guid(4a8e21d5c33334b11b34a596161b9360) Importer(815301076,1909f56bfc062723c751e8b465ee728b)  -> (artifact id: '63cf95242464b0f1307a08bc2392aaaa') in 3.866849 seconds 
  Import took 3.973136 seconds .

========================================================================
Received Import Request.
  Time since last request: 0.013385 seconds.
  path: Assets/Settings/SampleSceneProfile.asset
  artifactKey: Guid(10fc4df2da32a41aaa32d77bc913491c) Importer(815301076,1909f56bfc062723c751e8b465ee728b)
Start importing Assets/Settings/SampleSceneProfile.asset using Guid(10fc4df2da32a41aaa32d77bc913491c) Importer(815301076,1909f56bfc062723c751e8b465ee728b)  -> (artifact id: 'd2b3f476ab718b1cf20d183dd9addfe7') in 0.003989 seconds 
  Import took 0.016951 seconds .

========================================================================
Received Import Request.
  Time since last request: 0.000058 seconds.
  path: Assets/Settings/UniversalRP-LowQuality.asset
  artifactKey: Guid(a31e9f9f9c9d4b9429ed0d1234e22103) Importer(815301076,1909f56bfc062723c751e8b465ee728b)
Start importing Assets/Settings/UniversalRP-LowQuality.asset using Guid(a31e9f9f9c9d4b9429ed0d1234e22103) Importer(815301076,1909f56bfc062723c751e8b465ee728b)  -> (artifact id: 'b226a0bb157262eadf686f6bb5b5f1f8') in 0.004368 seconds 
  Import took 0.034549 seconds .

========================================================================
Received Import Request.
  Time since last request: 0.000052 seconds.
  path: Assets/Settings/UniversalRP-MediumQuality.asset
  artifactKey: Guid(d847b876476d3d6468f5dfcd34266f96) Importer(815301076,1909f56bfc062723c751e8b465ee728b)
Start importing Assets/Settings/UniversalRP-MediumQuality.asset using Guid(d847b876476d3d6468f5dfcd34266f96) Importer(815301076,1909f56bfc062723c751e8b465ee728b)  -> (artifact id: 'd421f548a6507a11f25ec3578746e9c1') in 0.023410 seconds 
  Import took 0.028244 seconds .

========================================================================
Received Import Request.
  Time since last request: 0.000054 seconds.
  path: Assets/Settings/UniversalRP-HighQuality.asset
  artifactKey: Guid(19ba41d7c0026c3459d37c2fe90c55a0) Importer(815301076,1909f56bfc062723c751e8b465ee728b)
Start importing Assets/Settings/UniversalRP-HighQuality.asset using Guid(19ba41d7c0026c3459d37c2fe90c55a0) Importer(815301076,1909f56bfc062723c751e8b465ee728b)  -> (artifact id: '02e18c1f933b70f494440bf5e7626866') in 0.023891 seconds 
  Import took 0.030002 seconds .

========================================================================
Received Prepare
Registering precompiled user dll's ...
Registered in 0.005461 seconds.
Begin MonoManager ReloadAssembly
Native extension for WindowsStandalone target not found
Refreshing native plugins compatible for Editor in 0.58 ms, found 2 plugins.
Preloading 0 native plugins for Editor in 0.00 ms.
Mono: successfully reloaded assembly
- Completed reload, in  1.085 seconds
Domain Reload Profiling:
	ReloadAssembly (1086ms)
		BeginReloadAssembly (117ms)
			ExecutionOrderSort (0ms)
			DisableScriptedObjects (5ms)
			BackupInstance (0ms)
			ReleaseScriptingObjects (0ms)
			CreateAndSetChildDomain (37ms)
		EndReloadAssembly (894ms)
			LoadAssemblies (90ms)
			RebuildTransferFunctionScriptingTraits (0ms)
			SetupTypeCache (316ms)
			ReleaseScriptCaches (1ms)
			RebuildScriptCaches (39ms)
			SetupLoadedEditorAssemblies (309ms)
				LogAssemblyErrors (0ms)
				InitializePlatformSupportModulesInManaged (4ms)
				SetLoadedEditorAssemblies (1ms)
				RefreshPlugins (1ms)
				BeforeProcessingInitializeOnLoad (106ms)
				ProcessInitializeOnLoadAttributes (176ms)
				ProcessInitializeOnLoadMethodAttributes (9ms)
				AfterProcessingInitializeOnLoad (13ms)
				EditorAssembliesLoaded (0ms)
			ExecutionOrderSort2 (0ms)
			AwakeInstancesAfterBackupRestoration (14ms)
Platform modules already initialized, skipping
Refreshing native plugins compatible for Editor in 0.56 ms, found 2 plugins.
Preloading 0 native plugins for Editor in 0.00 ms.
Unloading 2723 Unused Serialized files (Serialized files now loaded: 0)
System memory in use before: 144.6 MB.
System memory in use after: 144.8 MB.

Unloading 15 unused Assets to reduce memory usage. Loaded Objects now: 3369.
Total: 3.039900 ms (FindLiveObjects: 0.221400 ms CreateObjectMapping: 0.116600 ms MarkObjects: 2.686200 ms  DeleteObjects: 0.014800 ms)

AssetImportParameters requested are different than current active one (requested -> active):
  custom:framework-win-MediaFoundation: 216162199b28c13a410421893ffa2e32 -> 
  custom:video-decoder-ogg-theora: a1e56fd34408186e4bbccfd4996cb3dc -> 
  custom:container-muxer-webm: aa71ff27fc2769a1b78a27578f13a17b -> 
  custom:container-demuxer-webm: 4f35f7cbe854078d1ac9338744f61a02 -> 
  custom:container-demuxer-ogg: 62fdf1f143b41e24485cea50d1cbac27 -> 
  custom:video-encoder-webm-vp8: eb34c28f22e8b96e1ab97ce403110664 -> 
  custom:video-decoder-webm-vp8: 9c59270c3fd7afecdb556c50c9e8de78 -> 
  custom:audio-decoder-ogg-vorbis: bf7c407c2cedff20999df2af8eb42d56 -> 
  custom:audio-encoder-webm-vorbis: bf7c407c2cedff20999df2af8eb42d56 -> 
========================================================================
Received Import Request.
  Time since last request: 328.620896 seconds.
  path: Assets/Scripts/AI/AIAgent.cs
  artifactKey: Guid(747da6fa1bea1c74bad47f677de8b1d7) Importer(815301076,1909f56bfc062723c751e8b465ee728b)
Start importing Assets/Scripts/AI/AIAgent.cs using Guid(747da6fa1bea1c74bad47f677de8b1d7) Importer(815301076,1909f56bfc062723c751e8b465ee728b)  -> (artifact id: 'e20b315875cc85aeb5c8810950032912') in 0.005398 seconds 
  Import took 0.009598 seconds .

========================================================================
Received Prepare
Registering precompiled user dll's ...
Registered in 0.005325 seconds.
Begin MonoManager ReloadAssembly
Native extension for WindowsStandalone target not found
Refreshing native plugins compatible for Editor in 0.54 ms, found 2 plugins.
Preloading 0 native plugins for Editor in 0.00 ms.
Mono: successfully reloaded assembly
- Completed reload, in  1.083 seconds
Domain Reload Profiling:
	ReloadAssembly (1083ms)
		BeginReloadAssembly (114ms)
			ExecutionOrderSort (0ms)
			DisableScriptedObjects (8ms)
			BackupInstance (0ms)
			ReleaseScriptingObjects (0ms)
			CreateAndSetChildDomain (31ms)
		EndReloadAssembly (892ms)
			LoadAssemblies (85ms)
			RebuildTransferFunctionScriptingTraits (0ms)
			SetupTypeCache (306ms)
			ReleaseScriptCaches (1ms)
			RebuildScriptCaches (40ms)
			SetupLoadedEditorAssemblies (312ms)
				LogAssemblyErrors (0ms)
				InitializePlatformSupportModulesInManaged (4ms)
				SetLoadedEditorAssemblies (0ms)
				RefreshPlugins (1ms)
				BeforeProcessingInitializeOnLoad (107ms)
				ProcessInitializeOnLoadAttributes (177ms)
				ProcessInitializeOnLoadMethodAttributes (10ms)
				AfterProcessingInitializeOnLoad (13ms)
				EditorAssembliesLoaded (0ms)
			ExecutionOrderSort2 (0ms)
			AwakeInstancesAfterBackupRestoration (15ms)
Platform modules already initialized, skipping
Refreshing native plugins compatible for Editor in 0.55 ms, found 2 plugins.
Preloading 0 native plugins for Editor in 0.00 ms.
Unloading 2721 Unused Serialized files (Serialized files now loaded: 0)
System memory in use before: 144.6 MB.
System memory in use after: 144.8 MB.

Unloading 15 unused Assets to reduce memory usage. Loaded Objects now: 3371.
Total: 2.933400 ms (FindLiveObjects: 0.220500 ms CreateObjectMapping: 0.127900 ms MarkObjects: 2.568000 ms  DeleteObjects: 0.016100 ms)

AssetImportParameters requested are different than current active one (requested -> active):
  custom:framework-win-MediaFoundation: 216162199b28c13a410421893ffa2e32 -> 
  custom:video-decoder-ogg-theora: a1e56fd34408186e4bbccfd4996cb3dc -> 
  custom:container-muxer-webm: aa71ff27fc2769a1b78a27578f13a17b -> 
  custom:container-demuxer-webm: 4f35f7cbe854078d1ac9338744f61a02 -> 
  custom:container-demuxer-ogg: 62fdf1f143b41e24485cea50d1cbac27 -> 
  custom:video-encoder-webm-vp8: eb34c28f22e8b96e1ab97ce403110664 -> 
  custom:video-decoder-webm-vp8: 9c59270c3fd7afecdb556c50c9e8de78 -> 
  custom:audio-decoder-ogg-vorbis: bf7c407c2cedff20999df2af8eb42d56 -> 
  custom:audio-encoder-webm-vorbis: bf7c407c2cedff20999df2af8eb42d56 -> 
========================================================================
Received Import Request.
  Time since last request: 1225.918932 seconds.
  path: Assets/Scripts/AI/AIAgent.cs
  artifactKey: Guid(747da6fa1bea1c74bad47f677de8b1d7) Importer(815301076,1909f56bfc062723c751e8b465ee728b)
Start importing Assets/Scripts/AI/AIAgent.cs using Guid(747da6fa1bea1c74bad47f677de8b1d7) Importer(815301076,1909f56bfc062723c751e8b465ee728b)  -> (artifact id: '29ef7fa6d561f8cac802c6af1dc45ae9') in 0.005660 seconds 
  Import took 0.009775 seconds .

========================================================================
Received Prepare
Registering precompiled user dll's ...
Registered in 0.004624 seconds.
Begin MonoManager ReloadAssembly
Native extension for WindowsStandalone target not found
Refreshing native plugins compatible for Editor in 0.53 ms, found 2 plugins.
Preloading 0 native plugins for Editor in 0.00 ms.
Mono: successfully reloaded assembly
- Completed reload, in  1.097 seconds
Domain Reload Profiling:
	ReloadAssembly (1098ms)
		BeginReloadAssembly (119ms)
			ExecutionOrderSort (0ms)
			DisableScriptedObjects (5ms)
			BackupInstance (0ms)
			ReleaseScriptingObjects (0ms)
			CreateAndSetChildDomain (32ms)
		EndReloadAssembly (897ms)
			LoadAssemblies (90ms)
			RebuildTransferFunctionScriptingTraits (0ms)
			SetupTypeCache (305ms)
			ReleaseScriptCaches (1ms)
			RebuildScriptCaches (39ms)
			SetupLoadedEditorAssemblies (322ms)
				LogAssemblyErrors (0ms)
				InitializePlatformSupportModulesInManaged (4ms)
				SetLoadedEditorAssemblies (0ms)
				RefreshPlugins (1ms)
				BeforeProcessingInitializeOnLoad (106ms)
				ProcessInitializeOnLoadAttributes (189ms)
				ProcessInitializeOnLoadMethodAttributes (9ms)
				AfterProcessingInitializeOnLoad (13ms)
				EditorAssembliesLoaded (0ms)
			ExecutionOrderSort2 (0ms)
			AwakeInstancesAfterBackupRestoration (15ms)
Platform modules already initialized, skipping
Refreshing native plugins compatible for Editor in 0.55 ms, found 2 plugins.
Preloading 0 native plugins for Editor in 0.00 ms.
Unloading 2721 Unused Serialized files (Serialized files now loaded: 0)
System memory in use before: 144.6 MB.
System memory in use after: 144.8 MB.

Unloading 15 unused Assets to reduce memory usage. Loaded Objects now: 3373.
Total: 3.596100 ms (FindLiveObjects: 0.256900 ms CreateObjectMapping: 0.140900 ms MarkObjects: 3.180700 ms  DeleteObjects: 0.016700 ms)

AssetImportParameters requested are different than current active one (requested -> active):
  custom:framework-win-MediaFoundation: 216162199b28c13a410421893ffa2e32 -> 
  custom:video-decoder-ogg-theora: a1e56fd34408186e4bbccfd4996cb3dc -> 
  custom:container-muxer-webm: aa71ff27fc2769a1b78a27578f13a17b -> 
  custom:container-demuxer-webm: 4f35f7cbe854078d1ac9338744f61a02 -> 
  custom:container-demuxer-ogg: 62fdf1f143b41e24485cea50d1cbac27 -> 
  custom:video-encoder-webm-vp8: eb34c28f22e8b96e1ab97ce403110664 -> 
  custom:video-decoder-webm-vp8: 9c59270c3fd7afecdb556c50c9e8de78 -> 
  custom:audio-decoder-ogg-vorbis: bf7c407c2cedff20999df2af8eb42d56 -> 
  custom:audio-encoder-webm-vorbis: bf7c407c2cedff20999df2af8eb42d56 -> 
========================================================================
Received Import Request.
  Time since last request: 1291.322022 seconds.
  path: Assets/Scripts/AI/AIAgent.cs
  artifactKey: Guid(747da6fa1bea1c74bad47f677de8b1d7) Importer(815301076,1909f56bfc062723c751e8b465ee728b)
Start importing Assets/Scripts/AI/AIAgent.cs using Guid(747da6fa1bea1c74bad47f677de8b1d7) Importer(815301076,1909f56bfc062723c751e8b465ee728b)  -> (artifact id: '6a881a0444e4a7380b14b69d2851ecf4') in 0.005104 seconds 
  Import took 0.009190 seconds .

========================================================================
Received Prepare
Registering precompiled user dll's ...
Registered in 0.005343 seconds.
Begin MonoManager ReloadAssembly
Native extension for WindowsStandalone target not found
Refreshing native plugins compatible for Editor in 0.53 ms, found 2 plugins.
Preloading 0 native plugins for Editor in 0.00 ms.
Mono: successfully reloaded assembly
- Completed reload, in  1.083 seconds
Domain Reload Profiling:
	ReloadAssembly (1083ms)
		BeginReloadAssembly (110ms)
			ExecutionOrderSort (0ms)
			DisableScriptedObjects (4ms)
			BackupInstance (0ms)
			ReleaseScriptingObjects (0ms)
			CreateAndSetChildDomain (32ms)
		EndReloadAssembly (893ms)
			LoadAssemblies (88ms)
			RebuildTransferFunctionScriptingTraits (0ms)
			SetupTypeCache (308ms)
			ReleaseScriptCaches (1ms)
			RebuildScriptCaches (41ms)
			SetupLoadedEditorAssemblies (313ms)
				LogAssemblyErrors (0ms)
				InitializePlatformSupportModulesInManaged (4ms)
				SetLoadedEditorAssemblies (0ms)
				RefreshPlugins (1ms)
				BeforeProcessingInitializeOnLoad (108ms)
				ProcessInitializeOnLoadAttributes (177ms)
				ProcessInitializeOnLoadMethodAttributes (10ms)
				AfterProcessingInitializeOnLoad (13ms)
				EditorAssembliesLoaded (0ms)
			ExecutionOrderSort2 (0ms)
			AwakeInstancesAfterBackupRestoration (14ms)
Platform modules already initialized, skipping
Refreshing native plugins compatible for Editor in 0.62 ms, found 2 plugins.
Preloading 0 native plugins for Editor in 0.00 ms.
Unloading 2721 Unused Serialized files (Serialized files now loaded: 0)
System memory in use before: 144.6 MB.
System memory in use after: 144.8 MB.

Unloading 15 unused Assets to reduce memory usage. Loaded Objects now: 3375.
Total: 3.022900 ms (FindLiveObjects: 0.221600 ms CreateObjectMapping: 0.120500 ms MarkObjects: 2.661200 ms  DeleteObjects: 0.017600 ms)

AssetImportParameters requested are different than current active one (requested -> active):
  custom:framework-win-MediaFoundation: 216162199b28c13a410421893ffa2e32 -> 
  custom:video-decoder-ogg-theora: a1e56fd34408186e4bbccfd4996cb3dc -> 
  custom:container-muxer-webm: aa71ff27fc2769a1b78a27578f13a17b -> 
  custom:container-demuxer-webm: 4f35f7cbe854078d1ac9338744f61a02 -> 
  custom:container-demuxer-ogg: 62fdf1f143b41e24485cea50d1cbac27 -> 
  custom:video-encoder-webm-vp8: eb34c28f22e8b96e1ab97ce403110664 -> 
  custom:video-decoder-webm-vp8: 9c59270c3fd7afecdb556c50c9e8de78 -> 
  custom:audio-decoder-ogg-vorbis: bf7c407c2cedff20999df2af8eb42d56 -> 
  custom:audio-encoder-webm-vorbis: bf7c407c2cedff20999df2af8eb42d56 -> 
========================================================================
Received Prepare
Registering precompiled user dll's ...
Registered in 0.005669 seconds.
Begin MonoManager ReloadAssembly
Native extension for WindowsStandalone target not found
Refreshing native plugins compatible for Editor in 0.51 ms, found 2 plugins.
Preloading 0 native plugins for Editor in 0.00 ms.
Mono: successfully reloaded assembly
- Completed reload, in  1.067 seconds
Domain Reload Profiling:
	ReloadAssembly (1068ms)
		BeginReloadAssembly (118ms)
			ExecutionOrderSort (0ms)
			DisableScriptedObjects (5ms)
			BackupInstance (0ms)
			ReleaseScriptingObjects (0ms)
			CreateAndSetChildDomain (37ms)
		EndReloadAssembly (869ms)
			LoadAssemblies (92ms)
			RebuildTransferFunctionScriptingTraits (0ms)
			SetupTypeCache (295ms)
			ReleaseScriptCaches (1ms)
			RebuildScriptCaches (40ms)
			SetupLoadedEditorAssemblies (303ms)
				LogAssemblyErrors (0ms)
				InitializePlatformSupportModulesInManaged (4ms)
				SetLoadedEditorAssemblies (1ms)
				RefreshPlugins (1ms)
				BeforeProcessingInitializeOnLoad (105ms)
				ProcessInitializeOnLoadAttributes (171ms)
				ProcessInitializeOnLoadMethodAttributes (9ms)
				AfterProcessingInitializeOnLoad (13ms)
				EditorAssembliesLoaded (0ms)
			ExecutionOrderSort2 (0ms)
			AwakeInstancesAfterBackupRestoration (15ms)
Platform modules already initialized, skipping
Refreshing native plugins compatible for Editor in 0.57 ms, found 2 plugins.
Preloading 0 native plugins for Editor in 0.00 ms.
Unloading 2721 Unused Serialized files (Serialized files now loaded: 0)
System memory in use before: 144.6 MB.
System memory in use after: 144.8 MB.

Unloading 15 unused Assets to reduce memory usage. Loaded Objects now: 3377.
Total: 3.064800 ms (FindLiveObjects: 0.205500 ms CreateObjectMapping: 0.109300 ms MarkObjects: 2.734500 ms  DeleteObjects: 0.014400 ms)

AssetImportParameters requested are different than current active one (requested -> active):
  custom:framework-win-MediaFoundation: 216162199b28c13a410421893ffa2e32 -> 
  custom:video-decoder-ogg-theora: a1e56fd34408186e4bbccfd4996cb3dc -> 
  custom:container-muxer-webm: aa71ff27fc2769a1b78a27578f13a17b -> 
  custom:container-demuxer-webm: 4f35f7cbe854078d1ac9338744f61a02 -> 
  custom:container-demuxer-ogg: 62fdf1f143b41e24485cea50d1cbac27 -> 
  custom:video-encoder-webm-vp8: eb34c28f22e8b96e1ab97ce403110664 -> 
  custom:video-decoder-webm-vp8: 9c59270c3fd7afecdb556c50c9e8de78 -> 
  custom:audio-decoder-ogg-vorbis: bf7c407c2cedff20999df2af8eb42d56 -> 
  custom:audio-encoder-webm-vorbis: bf7c407c2cedff20999df2af8eb42d56 -> 
========================================================================
Received Prepare
Registering precompiled user dll's ...
Registered in 0.005386 seconds.
Begin MonoManager ReloadAssembly
Native extension for WindowsStandalone target not found
Refreshing native plugins compatible for Editor in 0.52 ms, found 2 plugins.
Preloading 0 native plugins for Editor in 0.00 ms.
Mono: successfully reloaded assembly
- Completed reload, in  1.066 seconds
Domain Reload Profiling:
	ReloadAssembly (1067ms)
		BeginReloadAssembly (103ms)
			ExecutionOrderSort (0ms)
			DisableScriptedObjects (5ms)
			BackupInstance (0ms)
			ReleaseScriptingObjects (0ms)
			CreateAndSetChildDomain (29ms)
		EndReloadAssembly (876ms)
			LoadAssemblies (83ms)
			RebuildTransferFunctionScriptingTraits (0ms)
			SetupTypeCache (299ms)
			ReleaseScriptCaches (1ms)
			RebuildScriptCaches (39ms)
			SetupLoadedEditorAssemblies (316ms)
				LogAssemblyErrors (0ms)
				InitializePlatformSupportModulesInManaged (4ms)
				SetLoadedEditorAssemblies (0ms)
				RefreshPlugins (1ms)
				BeforeProcessingInitializeOnLoad (111ms)
				ProcessInitializeOnLoadAttributes (177ms)
				ProcessInitializeOnLoadMethodAttributes (9ms)
				AfterProcessingInitializeOnLoad (13ms)
				EditorAssembliesLoaded (0ms)
			ExecutionOrderSort2 (0ms)
			AwakeInstancesAfterBackupRestoration (15ms)
Platform modules already initialized, skipping
Refreshing native plugins compatible for Editor in 0.57 ms, found 2 plugins.
Preloading 0 native plugins for Editor in 0.00 ms.
Unloading 2721 Unused Serialized files (Serialized files now loaded: 0)
System memory in use before: 144.6 MB.
System memory in use after: 144.8 MB.

Unloading 15 unused Assets to reduce memory usage. Loaded Objects now: 3379.
Total: 3.099800 ms (FindLiveObjects: 0.222500 ms CreateObjectMapping: 0.131100 ms MarkObjects: 2.730100 ms  DeleteObjects: 0.015300 ms)

AssetImportParameters requested are different than current active one (requested -> active):
  custom:framework-win-MediaFoundation: 216162199b28c13a410421893ffa2e32 -> 
  custom:video-decoder-ogg-theora: a1e56fd34408186e4bbccfd4996cb3dc -> 
  custom:container-muxer-webm: aa71ff27fc2769a1b78a27578f13a17b -> 
  custom:container-demuxer-webm: 4f35f7cbe854078d1ac9338744f61a02 -> 
  custom:container-demuxer-ogg: 62fdf1f143b41e24485cea50d1cbac27 -> 
  custom:video-encoder-webm-vp8: eb34c28f22e8b96e1ab97ce403110664 -> 
  custom:video-decoder-webm-vp8: 9c59270c3fd7afecdb556c50c9e8de78 -> 
  custom:audio-decoder-ogg-vorbis: bf7c407c2cedff20999df2af8eb42d56 -> 
  custom:audio-encoder-webm-vorbis: bf7c407c2cedff20999df2af8eb42d56 -> 
========================================================================
Received Import Request.
  Time since last request: 2582.792825 seconds.
  path: Assets/Scripts/AI/AIAttackPlayerState.cs
  artifactKey: Guid(8ffb6c1b6d2345145a637a926bf7a9a7) Importer(815301076,1909f56bfc062723c751e8b465ee728b)
Start importing Assets/Scripts/AI/AIAttackPlayerState.cs using Guid(8ffb6c1b6d2345145a637a926bf7a9a7) Importer(815301076,1909f56bfc062723c751e8b465ee728b)  -> (artifact id: '262255ed6dc828b6b94cce3c4c5ee01e') in 0.004666 seconds 
  Import took 0.008659 seconds .

AssetImportWorkerClient::OnTransportError - code=2 error=End of file
